<!DOCTYPE html>

<html>
  <head>
  <meta charset='utf-8'>
  <title>TestNG reports</title>

    <link type="text/css" href="testng-reports1.css" rel="stylesheet" id="ultra" />
    <link type="text/css" href="testng-reports.css" rel="stylesheet" id="retro" disabled="false"/>
    <script type="text/javascript" src="jquery-3.6.0.min.js"></script>
    <script type="text/javascript" src="testng-reports.js"></script>
    <script type="text/javascript" src="https://www.google.com/jsapi"></script>
    <script type='text/javascript'>
      google.load('visualization', '1', {packages:['table']});
      google.setOnLoadCallback(drawTable);
      var suiteTableInitFunctions = new Array();
      var suiteTableData = new Array();
    </script>
    <!--
      <script type="text/javascript" src="jquery-ui/js/jquery-ui-1.8.16.custom.min.js"></script>
     -->
  </head>

  <body>    <div class="top-banner-root">
      <span class="top-banner-title-font">Test results</span>
      <button id="button" class="button">Switch Retro Theme</button> <!-- button -->
      <br/>
      <span class="top-banner-font-1">1 suite, 2 failed tests</span>
    </div> <!-- top-banner-root -->
    <div class="navigator-root">
      <div class="navigator-suite-header">
        <span>All suites</span>
        <a href="#" title="Collapse/expand all the suites" class="collapse-all-link">
          <img src="collapseall.gif" class="collapse-all-icon">
          </img> <!-- collapse-all-icon -->
        </a> <!-- collapse-all-link -->
      </div> <!-- navigator-suite-header -->
      <div class="suite">
        <div class="rounded-window">
          <div class="suite-header light-rounded-window-top">
            <a href="#" panel-name="suite-Dataprovider_Prallel_Test" class="navigator-link">
              <span class="suite-name border-failed">Dataprovider Prallel Test</span>
            </a> <!-- navigator-link -->
          </div> <!-- suite-header light-rounded-window-top -->
          <div class="navigator-suite-content">
            <div class="suite-section-title">
              <span>Info</span>
            </div> <!-- suite-section-title -->
            <div class="suite-section-content">
              <ul>
                <li>
                  <a href="#" panel-name="test-xml-Dataprovider_Prallel_Test" class="navigator-link ">
                    <span>C:\Users\thrah\Downloads\ParallelTestsCucumberTestNG-main\ParallelTestsCucumberTestNG-main\DataProviderParallelTests_testng.xml</span>
                  </a> <!-- navigator-link  -->
                </li>
                <li>
                  <a href="#" panel-name="testlist-Dataprovider_Prallel_Test" class="navigator-link ">
                    <span class="test-stats">1 test</span>
                  </a> <!-- navigator-link  -->
                </li>
                <li>
                  <a href="#" panel-name="group-Dataprovider_Prallel_Test" class="navigator-link ">
                    <span>0 groups</span>
                  </a> <!-- navigator-link  -->
                </li>
                <li>
                  <a href="#" panel-name="times-Dataprovider_Prallel_Test" class="navigator-link ">
                    <span>Times</span>
                  </a> <!-- navigator-link  -->
                </li>
                <li>
                  <a href="#" panel-name="reporter-Dataprovider_Prallel_Test" class="navigator-link ">
                    <span>Reporter output</span>
                  </a> <!-- navigator-link  -->
                </li>
                <li>
                  <a href="#" panel-name="ignored-methods-Dataprovider_Prallel_Test" class="navigator-link ">
                    <span>Ignored methods</span>
                  </a> <!-- navigator-link  -->
                </li>
                <li>
                  <a href="#" panel-name="chronological-Dataprovider_Prallel_Test" class="navigator-link ">
                    <span>Chronological view</span>
                  </a> <!-- navigator-link  -->
                </li>
              </ul>
            </div> <!-- suite-section-content -->
            <div class="result-section">
              <div class="suite-section-title">
                <span>Results</span>
              </div> <!-- suite-section-title -->
              <div class="suite-section-content">
                <ul>
                  <li>
                    <span class="method-stats">3 methods, 2 failed,   1 passed</span>
                  </li>
                  <li>
                    <span class="method-list-title failed">Failed methods</span>
                    <span class="show-or-hide-methods failed">
                      <a href="#" panel-name="suite-Dataprovider_Prallel_Test" class="hide-methods failed suite-Dataprovider_Prallel_Test"> (hide)</a> <!-- hide-methods failed suite-Dataprovider_Prallel_Test -->
                      <a href="#" panel-name="suite-Dataprovider_Prallel_Test" class="show-methods failed suite-Dataprovider_Prallel_Test"> (show)</a> <!-- show-methods failed suite-Dataprovider_Prallel_Test -->
                    </span>
                    <div class="method-list-content failed suite-Dataprovider_Prallel_Test">
                      <span>
                        <img src="failed.png" width="3%"/>
                        <a href="#" panel-name="suite-Dataprovider_Prallel_Test" title="org.example.dataprovider.DataProviderParallelTests" class="method navigator-link" hash-for-method="invalidLoginTest(Test1, testPassword, Username cannot be empty)">invalidLoginTest(Test1, testPassword, Username cannot be empty)</a> <!-- method navigator-link -->
                      </span>
                      <br/>
                      <span>
                        <img src="failed.png" width="3%"/>
                        <a href="#" panel-name="suite-Dataprovider_Prallel_Test" title="org.example.dataprovider.DataProviderParallelTests" class="method navigator-link" hash-for-method="invalidLoginTest($%1234, 2345%$, Invalid credentials)">invalidLoginTest($%1234, 2345%$, Invalid credentials)</a> <!-- method navigator-link -->
                      </span>
                      <br/>
                    </div> <!-- method-list-content failed suite-Dataprovider_Prallel_Test -->
                  </li>
                  <li>
                    <span class="method-list-title passed">Passed methods</span>
                    <span class="show-or-hide-methods passed">
                      <a href="#" panel-name="suite-Dataprovider_Prallel_Test" class="hide-methods passed suite-Dataprovider_Prallel_Test"> (hide)</a> <!-- hide-methods passed suite-Dataprovider_Prallel_Test -->
                      <a href="#" panel-name="suite-Dataprovider_Prallel_Test" class="show-methods passed suite-Dataprovider_Prallel_Test"> (show)</a> <!-- show-methods passed suite-Dataprovider_Prallel_Test -->
                    </span>
                    <div class="method-list-content passed suite-Dataprovider_Prallel_Test">
                      <span>
                        <img src="passed.png" width="3%"/>
                        <a href="#" panel-name="suite-Dataprovider_Prallel_Test" title="org.example.dataprovider.DataProviderParallelTests" class="method navigator-link" hash-for-method="invalidLoginTest(Test2, Test, Invalid credentials)">invalidLoginTest(Test2, Test, Invalid credentials)</a> <!-- method navigator-link -->
                      </span>
                      <br/>
                    </div> <!-- method-list-content passed suite-Dataprovider_Prallel_Test -->
                  </li>
                </ul>
              </div> <!-- suite-section-content -->
            </div> <!-- result-section -->
          </div> <!-- navigator-suite-content -->
        </div> <!-- rounded-window -->
      </div> <!-- suite -->
    </div> <!-- navigator-root -->
    <div class="wrapper">
      <div class="main-panel-root">
        <div panel-name="suite-Dataprovider_Prallel_Test" class="panel Dataprovider_Prallel_Test">
          <div class="suite-Dataprovider_Prallel_Test-class-failed">
            <div class="main-panel-header rounded-window-top">
              <img src="failed.png"/>
              <span class="class-name">org.example.dataprovider.DataProviderParallelTests</span>
            </div> <!-- main-panel-header rounded-window-top -->
            <div class="main-panel-content rounded-window-bottom">
              <div class="method">
                <div class="method-content">
                  <a name="invalidLoginTest(Test1, testPassword, Username cannot be empty)">
                  </a> <!-- invalidLoginTest(Test1, testPassword, Username cannot be empty) -->
                  <span class="method-name">invalidLoginTest</span>
                  <span class="parameters">(Test1,testPassword,Username cannot be empty)</span>
                  <div class="stack-trace">org.openqa.selenium.NoSuchSessionException: Session ID is null. Using WebDriver after calling quit()?
Build info: version: &apos;4.8.0&apos;, revision: &apos;267030adea&apos;
System info: os.name: &apos;Windows 11&apos;, os.arch: &apos;amd64&apos;, os.version: &apos;10.0&apos;, java.version: &apos;11.0.21&apos;
Driver info: org.openqa.selenium.chrome.ChromeDriver
Command: [null, findElement {using=xpath, value=//div[@class=&apos;orangehrm-login-error&apos;]/div[1]/div[1]/p}]
Capabilities {acceptInsecureCerts: false, browserName: chrome, browserVersion: 123.0.6312.58, chrome: {chromedriverVersion: 122.0.6261.69 (81bc525b6a36..., userDataDir: C:\Users\thrah\AppData\Loca...}, fedcm:accounts: true, goog:chromeOptions: {debuggerAddress: localhost:56171}, networkConnectionEnabled: false, pageLoadStrategy: normal, platformName: WINDOWS, proxy: Proxy(), se:cdp: ws://localhost:56171/devtoo..., se:cdpVersion: 123.0.6312.58, setWindowRect: true, strictFileInteractability: false, timeouts: {implicit: 0, pageLoad: 300000, script: 30000}, unhandledPromptBehavior: dismiss and notify, webauthn:extension:credBlob: true, webauthn:extension:largeBlob: true, webauthn:extension:minPinLength: true, webauthn:extension:prf: true, webauthn:virtualAuthenticators: true}
	at org.openqa.selenium.remote.HttpCommandExecutor.execute(HttpCommandExecutor.java:145)
	at org.openqa.selenium.remote.service.DriverCommandExecutor.invokeExecute(DriverCommandExecutor.java:167)
	at org.openqa.selenium.remote.service.DriverCommandExecutor.execute(DriverCommandExecutor.java:142)
	at org.openqa.selenium.remote.RemoteWebDriver.execute(RemoteWebDriver.java:543)
	at org.openqa.selenium.remote.ElementLocation$ElementFinder$2.findElement(ElementLocation.java:162)
	at org.openqa.selenium.remote.ElementLocation.findElement(ElementLocation.java:60)
	at org.openqa.selenium.remote.RemoteWebDriver.findElement(RemoteWebDriver.java:352)
	at org.openqa.selenium.remote.RemoteWebDriver.findElement(RemoteWebDriver.java:344)
	at org.example.dataprovider.DataProviderParallelTests.invalidLoginTest(DataProviderParallelTests.java:58)
	at java.base/java.util.concurrent.FutureTask.run(FutureTask.java:264)
	at java.base/java.util.concurrent.Executors$RunnableAdapter.call(Executors.java:515)
	at java.base/java.util.concurrent.FutureTask.run(FutureTask.java:264)
	at java.base/java.util.concurrent.ThreadPoolExecutor.runWorker(ThreadPoolExecutor.java:1128)
	at java.base/java.util.concurrent.ThreadPoolExecutor$Worker.run(ThreadPoolExecutor.java:628)
	at java.base/java.lang.Thread.run(Thread.java:834)
... Removed 9 stack frames
</div> <!-- stack-trace -->
                </div> <!-- method-content -->
              </div> <!-- method -->
              <div class="method">
                <div class="method-content">
                  <a name="invalidLoginTest($%1234, 2345%$, Invalid credentials)">
                  </a> <!-- invalidLoginTest($%1234, 2345%$, Invalid credentials) -->
                  <span class="method-name">invalidLoginTest</span>
                  <span class="parameters">($%1234,2345%$,Invalid credentials)</span>
                  <div class="stack-trace">org.openqa.selenium.NoSuchSessionException: Session ID is null. Using WebDriver after calling quit()?
Build info: version: &apos;4.8.0&apos;, revision: &apos;267030adea&apos;
System info: os.name: &apos;Windows 11&apos;, os.arch: &apos;amd64&apos;, os.version: &apos;10.0&apos;, java.version: &apos;11.0.21&apos;
Driver info: org.openqa.selenium.chrome.ChromeDriver
Command: [null, findElement {using=xpath, value=//div[@class=&apos;orangehrm-login-error&apos;]/div[1]/div[1]/p}]
Capabilities {acceptInsecureCerts: false, browserName: chrome, browserVersion: 123.0.6312.58, chrome: {chromedriverVersion: 122.0.6261.69 (81bc525b6a36..., userDataDir: C:\Users\thrah\AppData\Loca...}, fedcm:accounts: true, goog:chromeOptions: {debuggerAddress: localhost:56171}, networkConnectionEnabled: false, pageLoadStrategy: normal, platformName: WINDOWS, proxy: Proxy(), se:cdp: ws://localhost:56171/devtoo..., se:cdpVersion: 123.0.6312.58, setWindowRect: true, strictFileInteractability: false, timeouts: {implicit: 0, pageLoad: 300000, script: 30000}, unhandledPromptBehavior: dismiss and notify, webauthn:extension:credBlob: true, webauthn:extension:largeBlob: true, webauthn:extension:minPinLength: true, webauthn:extension:prf: true, webauthn:virtualAuthenticators: true}
	at org.openqa.selenium.remote.HttpCommandExecutor.execute(HttpCommandExecutor.java:145)
	at org.openqa.selenium.remote.service.DriverCommandExecutor.invokeExecute(DriverCommandExecutor.java:167)
	at org.openqa.selenium.remote.service.DriverCommandExecutor.execute(DriverCommandExecutor.java:142)
	at org.openqa.selenium.remote.RemoteWebDriver.execute(RemoteWebDriver.java:543)
	at org.openqa.selenium.remote.ElementLocation$ElementFinder$2.findElement(ElementLocation.java:162)
	at org.openqa.selenium.remote.ElementLocation.findElement(ElementLocation.java:60)
	at org.openqa.selenium.remote.RemoteWebDriver.findElement(RemoteWebDriver.java:352)
	at org.openqa.selenium.remote.RemoteWebDriver.findElement(RemoteWebDriver.java:344)
	at org.example.dataprovider.DataProviderParallelTests.invalidLoginTest(DataProviderParallelTests.java:58)
	at java.base/java.util.concurrent.FutureTask.run(FutureTask.java:264)
	at java.base/java.util.concurrent.Executors$RunnableAdapter.call(Executors.java:515)
	at java.base/java.util.concurrent.FutureTask.run(FutureTask.java:264)
	at java.base/java.util.concurrent.ThreadPoolExecutor.runWorker(ThreadPoolExecutor.java:1128)
	at java.base/java.util.concurrent.ThreadPoolExecutor$Worker.run(ThreadPoolExecutor.java:628)
	at java.base/java.lang.Thread.run(Thread.java:834)
... Removed 9 stack frames
</div> <!-- stack-trace -->
                </div> <!-- method-content -->
              </div> <!-- method -->
            </div> <!-- main-panel-content rounded-window-bottom -->
          </div> <!-- suite-Dataprovider_Prallel_Test-class-failed -->
          <div class="suite-Dataprovider_Prallel_Test-class-passed">
            <div class="main-panel-header rounded-window-top">
              <img src="passed.png"/>
              <span class="class-name">org.example.dataprovider.DataProviderParallelTests</span>
            </div> <!-- main-panel-header rounded-window-top -->
            <div class="main-panel-content rounded-window-bottom">
              <div class="method">
                <div class="method-content">
                  <a name="invalidLoginTest(Test2, Test, Invalid credentials)">
                  </a> <!-- invalidLoginTest(Test2, Test, Invalid credentials) -->
                  <span class="method-name">invalidLoginTest</span>
                  <span class="parameters">(Test2,Test,Invalid credentials)</span>
                </div> <!-- method-content -->
              </div> <!-- method -->
            </div> <!-- main-panel-content rounded-window-bottom -->
          </div> <!-- suite-Dataprovider_Prallel_Test-class-passed -->
        </div> <!-- panel Dataprovider_Prallel_Test -->
        <div panel-name="test-xml-Dataprovider_Prallel_Test" class="panel">
          <div class="main-panel-header rounded-window-top">
            <span class="header-content">C:\Users\thrah\Downloads\ParallelTestsCucumberTestNG-main\ParallelTestsCucumberTestNG-main\DataProviderParallelTests_testng.xml</span>
          </div> <!-- main-panel-header rounded-window-top -->
          <div class="main-panel-content rounded-window-bottom">
            <pre>
&lt;?xml version=&quot;1.0&quot; encoding=&quot;UTF-8&quot;?&gt;
&lt;!DOCTYPE suite SYSTEM &quot;https://testng.org/testng-1.0.dtd&quot;&gt;
&lt;suite name=&quot;Dataprovider Prallel Test&quot; guice-stage=&quot;DEVELOPMENT&quot;&gt;
  &lt;test thread-count=&quot;2&quot; parallel=&quot;methods&quot; name=&quot;Data Provider Test&quot;&gt;
    &lt;classes&gt;
      &lt;class name=&quot;org.example.dataprovider.DataProviderParallelTests&quot;/&gt;
    &lt;/classes&gt;
  &lt;/test&gt; &lt;!-- Data Provider Test --&gt;
&lt;/suite&gt; &lt;!-- Dataprovider Prallel Test --&gt;
            </pre>
          </div> <!-- main-panel-content rounded-window-bottom -->
        </div> <!-- panel -->
        <div panel-name="testlist-Dataprovider_Prallel_Test" class="panel">
          <div class="main-panel-header rounded-window-top">
            <span class="header-content">Tests for Dataprovider Prallel Test</span>
          </div> <!-- main-panel-header rounded-window-top -->
          <div class="main-panel-content rounded-window-bottom">
            <ul>
              <li>
                <span class="test-name">Data Provider Test (1 class)</span>
              </li>
            </ul>
          </div> <!-- main-panel-content rounded-window-bottom -->
        </div> <!-- panel -->
        <div panel-name="group-Dataprovider_Prallel_Test" class="panel">
          <div class="main-panel-header rounded-window-top">
            <span class="header-content">Groups for Dataprovider Prallel Test</span>
          </div> <!-- main-panel-header rounded-window-top -->
          <div class="main-panel-content rounded-window-bottom">
          </div> <!-- main-panel-content rounded-window-bottom -->
        </div> <!-- panel -->
        <div panel-name="times-Dataprovider_Prallel_Test" class="panel">
          <div class="main-panel-header rounded-window-top">
            <span class="header-content">Times for Dataprovider Prallel Test</span>
          </div> <!-- main-panel-header rounded-window-top -->
          <div class="main-panel-content rounded-window-bottom">
            <div class="times-div">
              <script type="text/javascript">
suiteTableInitFunctions.push('tableData_Dataprovider_Prallel_Test');
function tableData_Dataprovider_Prallel_Test() {
var data = new google.visualization.DataTable();
data.addColumn('number', 'Number');
data.addColumn('string', 'Method');
data.addColumn('string', 'Class');
data.addColumn('number', 'Time (ms)');
data.addRows(3);
data.setCell(0, 0, 0)
data.setCell(0, 1, 'invalidLoginTest')
data.setCell(0, 2, 'org.example.dataprovider.DataProviderParallelTests')
data.setCell(0, 3, 12243);
data.setCell(1, 0, 1)
data.setCell(1, 1, 'invalidLoginTest')
data.setCell(1, 2, 'org.example.dataprovider.DataProviderParallelTests')
data.setCell(1, 3, 11960);
data.setCell(2, 0, 2)
data.setCell(2, 1, 'invalidLoginTest')
data.setCell(2, 2, 'org.example.dataprovider.DataProviderParallelTests')
data.setCell(2, 3, 10706);
window.suiteTableData['Dataprovider_Prallel_Test']= { tableData: data, tableDiv: 'times-div-Dataprovider_Prallel_Test'}
return data;
}
              </script>
              <span class="suite-total-time">Total running time: 34 seconds</span>
              <div id="times-div-Dataprovider_Prallel_Test">
              </div> <!-- times-div-Dataprovider_Prallel_Test -->
            </div> <!-- times-div -->
          </div> <!-- main-panel-content rounded-window-bottom -->
        </div> <!-- panel -->
        <div panel-name="reporter-Dataprovider_Prallel_Test" class="panel">
          <div class="main-panel-header rounded-window-top">
            <span class="header-content">Reporter output for Dataprovider Prallel Test</span>
          </div> <!-- main-panel-header rounded-window-top -->
          <div class="main-panel-content rounded-window-bottom">
          </div> <!-- main-panel-content rounded-window-bottom -->
        </div> <!-- panel -->
        <div panel-name="ignored-methods-Dataprovider_Prallel_Test" class="panel">
          <div class="main-panel-header rounded-window-top">
            <span class="header-content">0 ignored methods</span>
          </div> <!-- main-panel-header rounded-window-top -->
          <div class="main-panel-content rounded-window-bottom">
          </div> <!-- main-panel-content rounded-window-bottom -->
        </div> <!-- panel -->
        <div panel-name="chronological-Dataprovider_Prallel_Test" class="panel">
          <div class="main-panel-header rounded-window-top">
            <span class="header-content">Methods in chronological order</span>
          </div> <!-- main-panel-header rounded-window-top -->
          <div class="main-panel-content rounded-window-bottom">
            <div class="chronological-class">
              <div class="chronological-class-name">org.example.dataprovider.DataProviderParallelTests</div> <!-- chronological-class-name -->
              <div class="configuration-method before">
                <span class="method-name">setUp</span>
                <span class="method-start">0 ms</span>
              </div> <!-- configuration-method before -->
              <div class="configuration-method before">
                <span class="method-name">setUp</span>
                <span class="method-start">0 ms</span>
              </div> <!-- configuration-method before -->
              <div class="configuration-method before">
                <span class="method-name">setUp</span>
                <span class="method-start">2 ms</span>
              </div> <!-- configuration-method before -->
              <div class="test-method">
                <img src="failed.png">
                </img>
                <span class="method-name">invalidLoginTest(Test1, testPassword, Username cannot be empty)</span>
                <span class="method-start">2580 ms</span>
              </div> <!-- test-method -->
              <div class="test-method">
                <img src="failed.png">
                </img>
                <span class="method-name">invalidLoginTest($%1234, 2345%$, Invalid credentials)</span>
                <span class="method-start">2580 ms</span>
              </div> <!-- test-method -->
              <div class="test-method">
                <span class="method-name">invalidLoginTest(Test2, Test, Invalid credentials)</span>
                <span class="method-start">2580 ms</span>
              </div> <!-- test-method -->
              <div class="configuration-method after">
                <span class="method-name">tearingDownDriver</span>
                <span class="method-start">13292 ms</span>
              </div> <!-- configuration-method after -->
              <div class="configuration-method after">
                <span class="method-name">tearingDownDriver</span>
                <span class="method-start">14542 ms</span>
              </div> <!-- configuration-method after -->
              <div class="configuration-method after">
                <span class="method-name">tearingDownDriver</span>
                <span class="method-start">14826 ms</span>
              </div> <!-- configuration-method after -->
          </div> <!-- main-panel-content rounded-window-bottom -->
        </div> <!-- panel -->
      </div> <!-- main-panel-root -->
    </div> <!-- wrapper -->
  </body>
<script type="text/javascript" src="testng-reports2.js"></script>
</html>
